[2022-03-07 20:58:17.514] [renderer1] [error] ["Error: Unknown or unsupported transport “disabled” for address “disabled:”"]
[2022-03-07 20:58:17.515] [renderer1] [warning] Settings Sync: Accounts are not initialized
[2022-03-07 20:58:46.696] [renderer1] [error] ["Error: Unknown or unsupported transport “disabled” for address “disabled:”"]
[2022-03-07 20:58:46.696] [renderer1] [warning] Settings Sync: Accounts are not initialized
[2022-03-07 20:58:49.457] [renderer1] [error] [Extension Host] (node:3873) [DEP0005] DeprecationWarning: Buffer() is deprecated due to security and usability issues. Please use the Buffer.alloc(), Buffer.allocUnsafe(), or Buffer.from() methods instead.
(Use `code --trace-deprecation ...` to show where the warning was created)
[2022-03-07 20:58:51.657] [renderer1] [error] Bad progress location: platformio-ide.projectTasks: Error: Bad progress location: platformio-ide.projectTasks
    at s.withProgress (vscode-file://vscode-app/usr/share/code/resources/app/out/vs/workbench/workbench.desktop.main.js:1936:10417)
    at E.$startProgress (vscode-file://vscode-app/usr/share/code/resources/app/out/vs/workbench/workbench.desktop.main.js:1522:34251)
    at u._doInvokeHandler (vscode-file://vscode-app/usr/share/code/resources/app/out/vs/workbench/workbench.desktop.main.js:1529:13100)
    at u._invokeHandler (vscode-file://vscode-app/usr/share/code/resources/app/out/vs/workbench/workbench.desktop.main.js:1529:12784)
    at u._receiveRequest (vscode-file://vscode-app/usr/share/code/resources/app/out/vs/workbench/workbench.desktop.main.js:1529:11446)
    at u._receiveOneMessage (vscode-file://vscode-app/usr/share/code/resources/app/out/vs/workbench/workbench.desktop.main.js:1529:10124)
    at vscode-file://vscode-app/usr/share/code/resources/app/out/vs/workbench/workbench.desktop.main.js:1529:8233
    at f.invoke (vscode-file://vscode-app/usr/share/code/resources/app/out/vs/workbench/workbench.desktop.main.js:67:145)
    at c.fire (vscode-file://vscode-app/usr/share/code/resources/app/out/vs/workbench/workbench.desktop.main.js:67:1856)
    at l.fire (vscode-file://vscode-app/usr/share/code/resources/app/out/vs/workbench/workbench.desktop.main.js:83:19607)
    at m._receiveMessage (vscode-file://vscode-app/usr/share/code/resources/app/out/vs/workbench/workbench.desktop.main.js:83:24188)
    at vscode-file://vscode-app/usr/share/code/resources/app/out/vs/workbench/workbench.desktop.main.js:83:21722
    at f.invoke (vscode-file://vscode-app/usr/share/code/resources/app/out/vs/workbench/workbench.desktop.main.js:67:145)
    at c.fire (vscode-file://vscode-app/usr/share/code/resources/app/out/vs/workbench/workbench.desktop.main.js:67:1856)
    at c.acceptChunk (vscode-file://vscode-app/usr/share/code/resources/app/out/vs/workbench/workbench.desktop.main.js:83:16438)
    at vscode-file://vscode-app/usr/share/code/resources/app/out/vs/workbench/workbench.desktop.main.js:83:15568
    at Socket.B (vscode-file://vscode-app/usr/share/code/resources/app/out/vs/workbench/workbench.desktop.main.js:3069:8467)
    at Socket.emit (events.js:315:20)
    at addChunk (internal/streams/readable.js:309:12)
    at readableAddChunk (internal/streams/readable.js:284:9)
    at Socket.Readable.push (internal/streams/readable.js:223:10)
    at Pipe.onStreamRead (internal/stream_base_commons.js:188:23)
[2022-03-07 20:59:04.180] [renderer1] [warning] Webgl could not be loaded. Falling back to the canvas renderer type. {}
