
*** Running vivado
    with args -log BD_bidirec_0_6.vds -m64 -product Vivado -mode batch -messageDb vivado.pb -notrace -source BD_bidirec_0_6.tcl


****** Vivado v2019.2 (64-bit)
  **** SW Build 2708876 on Wed Nov  6 21:39:14 MST 2019
  **** IP Build 2700528 on Thu Nov  7 00:09:20 MST 2019
    ** Copyright 1986-2019 Xilinx, Inc. All Rights Reserved.

source BD_bidirec_0_6.tcl -notrace
Command: synth_design -top BD_bidirec_0_6 -part xc7a100tcsg324-1 -mode out_of_context
Starting synth_design
WARNING: [IP_Flow 19-3571] IP 'BD_bidirec_0_6' is restricted:
* Module reference is stale and needs refreshing.
Attempting to get a license for feature 'Synthesis' and/or device 'xc7a100t'
INFO: [Common 17-349] Got license for feature 'Synthesis' and/or device 'xc7a100t'
INFO: Launching helper process for spawning children vivado processes
INFO: Helper process launched with PID 22806 
---------------------------------------------------------------------------------
Starting Synthesize : Time (s): cpu = 00:00:05 ; elapsed = 00:00:07 . Memory (MB): peak = 1652.902 ; gain = 212.609 ; free physical = 3219 ; free virtual = 5981
---------------------------------------------------------------------------------
INFO: [Synth 8-6157] synthesizing module 'BD_bidirec_0_6' [/home/vladimir/RVfpgaSoC/Labs/LabProjects/Lab1/Lab1.srcs/sources_1/bd/BD/ip/BD_bidirec_0_6/synth/BD_bidirec_0_6.v:58]
INFO: [Synth 8-6157] synthesizing module 'bidirec' [/home/vladimir/RVfpgaSoC/Labs/LabProjects/Lab1/Lab1.srcs/sources_1/imports/src/SweRVolfSoC/bidir.v:26]
INFO: [Synth 8-6155] done synthesizing module 'bidirec' (1#1) [/home/vladimir/RVfpgaSoC/Labs/LabProjects/Lab1/Lab1.srcs/sources_1/imports/src/SweRVolfSoC/bidir.v:26]
INFO: [Synth 8-6155] done synthesizing module 'BD_bidirec_0_6' (2#1) [/home/vladimir/RVfpgaSoC/Labs/LabProjects/Lab1/Lab1.srcs/sources_1/bd/BD/ip/BD_bidirec_0_6/synth/BD_bidirec_0_6.v:58]
---------------------------------------------------------------------------------
Finished Synthesize : Time (s): cpu = 00:00:06 ; elapsed = 00:00:09 . Memory (MB): peak = 1715.652 ; gain = 275.359 ; free physical = 3236 ; free virtual = 5999
---------------------------------------------------------------------------------
---------------------------------------------------------------------------------
Finished Constraint Validation : Time (s): cpu = 00:00:07 ; elapsed = 00:00:10 . Memory (MB): peak = 1718.621 ; gain = 278.328 ; free physical = 3229 ; free virtual = 5992
---------------------------------------------------------------------------------
---------------------------------------------------------------------------------
Start Loading Part and Timing Information
---------------------------------------------------------------------------------
Loading part: xc7a100tcsg324-1
INFO: [Device 21-403] Loading part xc7a100tcsg324-1
---------------------------------------------------------------------------------
Finished Loading Part and Timing Information : Time (s): cpu = 00:00:07 ; elapsed = 00:00:10 . Memory (MB): peak = 1726.625 ; gain = 286.332 ; free physical = 3227 ; free virtual = 5989
---------------------------------------------------------------------------------
---------------------------------------------------------------------------------
Finished RTL Optimization Phase 2 : Time (s): cpu = 00:00:07 ; elapsed = 00:00:10 . Memory (MB): peak = 1732.562 ; gain = 292.270 ; free physical = 3226 ; free virtual = 5989
---------------------------------------------------------------------------------

Report RTL Partitions: 
+-+--------------+------------+----------+
| |RTL Partition |Replication |Instances |
+-+--------------+------------+----------+
+-+--------------+------------+----------+
No constraint files found.
---------------------------------------------------------------------------------
Start RTL Component Statistics 
---------------------------------------------------------------------------------
Detailed RTL Component Info : 
---------------------------------------------------------------------------------
Finished RTL Component Statistics 
---------------------------------------------------------------------------------
---------------------------------------------------------------------------------
Start RTL Hierarchical Component Statistics 
---------------------------------------------------------------------------------
Hierarchical RTL Component report 
---------------------------------------------------------------------------------
Finished RTL Hierarchical Component Statistics
---------------------------------------------------------------------------------
---------------------------------------------------------------------------------
Start Part Resource Summary
---------------------------------------------------------------------------------
Part Resources:
DSPs: 240 (col length:80)
BRAMs: 270 (col length: RAMB18 80 RAMB36 40)
---------------------------------------------------------------------------------
Finished Part Resource Summary
---------------------------------------------------------------------------------
No constraint files found.
---------------------------------------------------------------------------------
Start Cross Boundary and Area Optimization
---------------------------------------------------------------------------------
Warning: Parallel synthesis criteria is not met 
---------------------------------------------------------------------------------
Finished Cross Boundary and Area Optimization : Time (s): cpu = 00:00:12 ; elapsed = 00:00:17 . Memory (MB): peak = 1855.969 ; gain = 415.676 ; free physical = 2985 ; free virtual = 5749
---------------------------------------------------------------------------------

Report RTL Partitions: 
+-+--------------+------------+----------+
| |RTL Partition |Replication |Instances |
+-+--------------+------------+----------+
+-+--------------+------------+----------+
No constraint files found.
---------------------------------------------------------------------------------
Start Timing Optimization
---------------------------------------------------------------------------------
---------------------------------------------------------------------------------
Finished Timing Optimization : Time (s): cpu = 00:00:12 ; elapsed = 00:00:17 . Memory (MB): peak = 1855.969 ; gain = 415.676 ; free physical = 2982 ; free virtual = 5747
---------------------------------------------------------------------------------

Report RTL Partitions: 
+-+--------------+------------+----------+
| |RTL Partition |Replication |Instances |
+-+--------------+------------+----------+
+-+--------------+------------+----------+
---------------------------------------------------------------------------------
Start Technology Mapping
---------------------------------------------------------------------------------
---------------------------------------------------------------------------------
Finished Technology Mapping : Time (s): cpu = 00:00:12 ; elapsed = 00:00:17 . Memory (MB): peak = 1855.969 ; gain = 415.676 ; free physical = 2982 ; free virtual = 5746
---------------------------------------------------------------------------------

Report RTL Partitions: 
+-+--------------+------------+----------+
| |RTL Partition |Replication |Instances |
+-+--------------+------------+----------+
+-+--------------+------------+----------+
---------------------------------------------------------------------------------
Start IO Insertion
---------------------------------------------------------------------------------
---------------------------------------------------------------------------------
Start Flattening Before IO Insertion
---------------------------------------------------------------------------------
---------------------------------------------------------------------------------
Finished Flattening Before IO Insertion
---------------------------------------------------------------------------------
---------------------------------------------------------------------------------
Start Final Netlist Cleanup
---------------------------------------------------------------------------------
---------------------------------------------------------------------------------
Finished Final Netlist Cleanup
---------------------------------------------------------------------------------
CRITICAL WARNING: [Synth 8-5799] Converted tricell instance 'i_0' to logic
---------------------------------------------------------------------------------
Finished IO Insertion : Time (s): cpu = 00:00:16 ; elapsed = 00:00:22 . Memory (MB): peak = 1855.969 ; gain = 415.676 ; free physical = 2688 ; free virtual = 5450
---------------------------------------------------------------------------------
---------------------------------------------------------------------------------
Start Renaming Generated Instances
---------------------------------------------------------------------------------
---------------------------------------------------------------------------------
Finished Renaming Generated Instances : Time (s): cpu = 00:00:16 ; elapsed = 00:00:22 . Memory (MB): peak = 1855.969 ; gain = 415.676 ; free physical = 2689 ; free virtual = 5450
---------------------------------------------------------------------------------

Report RTL Partitions: 
+-+--------------+------------+----------+
| |RTL Partition |Replication |Instances |
+-+--------------+------------+----------+
+-+--------------+------------+----------+

Report Check Netlist: 
+------+------------------+-------+---------+-------+------------------+
|      |Item              |Errors |Warnings |Status |Description       |
+------+------------------+-------+---------+-------+------------------+
|1     |multi_driven_nets |      0|        0|Passed |Multi driven nets |
+------+------------------+-------+---------+-------+------------------+
---------------------------------------------------------------------------------
Start Rebuilding User Hierarchy
---------------------------------------------------------------------------------
---------------------------------------------------------------------------------
Finished Rebuilding User Hierarchy : Time (s): cpu = 00:00:16 ; elapsed = 00:00:22 . Memory (MB): peak = 1855.969 ; gain = 415.676 ; free physical = 2689 ; free virtual = 5450
---------------------------------------------------------------------------------
---------------------------------------------------------------------------------
Start Renaming Generated Ports
---------------------------------------------------------------------------------
---------------------------------------------------------------------------------
Finished Renaming Generated Ports : Time (s): cpu = 00:00:16 ; elapsed = 00:00:22 . Memory (MB): peak = 1855.969 ; gain = 415.676 ; free physical = 2689 ; free virtual = 5450
---------------------------------------------------------------------------------
---------------------------------------------------------------------------------
Start Handling Custom Attributes
---------------------------------------------------------------------------------
---------------------------------------------------------------------------------
Finished Handling Custom Attributes : Time (s): cpu = 00:00:16 ; elapsed = 00:00:22 . Memory (MB): peak = 1855.969 ; gain = 415.676 ; free physical = 2689 ; free virtual = 5450
---------------------------------------------------------------------------------
---------------------------------------------------------------------------------
Start Renaming Generated Nets
---------------------------------------------------------------------------------
---------------------------------------------------------------------------------
Finished Renaming Generated Nets : Time (s): cpu = 00:00:16 ; elapsed = 00:00:22 . Memory (MB): peak = 1855.969 ; gain = 415.676 ; free physical = 2689 ; free virtual = 5450
---------------------------------------------------------------------------------
---------------------------------------------------------------------------------
Start Writing Synthesis Report
---------------------------------------------------------------------------------

Report BlackBoxes: 
+-+--------------+----------+
| |BlackBox name |Instances |
+-+--------------+----------+
+-+--------------+----------+

Report Cell Usage: 
+------+-----+------+
|      |Cell |Count |
+------+-----+------+
|1     |LUT2 |     1|
+------+-----+------+

Report Instance Areas: 
+------+---------+-------+------+
|      |Instance |Module |Cells |
+------+---------+-------+------+
|1     |top      |       |     1|
+------+---------+-------+------+
---------------------------------------------------------------------------------
Finished Writing Synthesis Report : Time (s): cpu = 00:00:16 ; elapsed = 00:00:22 . Memory (MB): peak = 1855.969 ; gain = 415.676 ; free physical = 2689 ; free virtual = 5450
---------------------------------------------------------------------------------
Synthesis finished with 0 errors, 1 critical warnings and 0 warnings.
Synthesis Optimization Runtime : Time (s): cpu = 00:00:16 ; elapsed = 00:00:22 . Memory (MB): peak = 1855.969 ; gain = 415.676 ; free physical = 2689 ; free virtual = 5451
Synthesis Optimization Complete : Time (s): cpu = 00:00:16 ; elapsed = 00:00:22 . Memory (MB): peak = 1855.977 ; gain = 415.676 ; free physical = 2689 ; free virtual = 5451
INFO: [Project 1-571] Translating synthesized netlist
Netlist sorting complete. Time (s): cpu = 00:00:00 ; elapsed = 00:00:00 . Memory (MB): peak = 1861.906 ; gain = 0.000 ; free physical = 3729 ; free virtual = 6491
INFO: [Project 1-570] Preparing netlist for logic optimization
INFO: [Opt 31-138] Pushed 0 inverter(s) to 0 load pin(s).
Netlist sorting complete. Time (s): cpu = 00:00:00 ; elapsed = 00:00:00 . Memory (MB): peak = 1937.562 ; gain = 0.000 ; free physical = 3598 ; free virtual = 6360
INFO: [Project 1-111] Unisim Transformation Summary:
No Unisim elements were transformed.

INFO: [Common 17-83] Releasing license: Synthesis
11 Infos, 1 Warnings, 1 Critical Warnings and 0 Errors encountered.
synth_design completed successfully
synth_design: Time (s): cpu = 00:00:23 ; elapsed = 00:00:28 . Memory (MB): peak = 1937.562 ; gain = 500.316 ; free physical = 3725 ; free virtual = 6487
Netlist sorting complete. Time (s): cpu = 00:00:00 ; elapsed = 00:00:00 . Memory (MB): peak = 1937.562 ; gain = 0.000 ; free physical = 3725 ; free virtual = 6487
WARNING: [Constraints 18-5210] No constraints selected for write.
Resolution: This message can indicate that there are no constraints for the design, or it can indicate that the used_in flags are set such that the constraints are ignored. This later case is used when running synth_design to not write synthesis constraints to the resulting checkpoint. Instead, project constraints are read when the synthesized design is opened.
INFO: [Timing 38-35] Done setting XDC timing constraints.
INFO: [Common 17-1381] The checkpoint '/home/vladimir/RVfpgaSoC/Labs/LabProjects/Lab1/Lab1.runs/BD_bidirec_0_6_synth_1/BD_bidirec_0_6.dcp' has been generated.
write_checkpoint: Time (s): cpu = 00:00:11 ; elapsed = 00:00:15 . Memory (MB): peak = 2254.668 ; gain = 317.105 ; free physical = 2975 ; free virtual = 5736
WARNING: [Common 17-576] 'use_project_ipc' is deprecated. This option is deprecated and no longer used.
Netlist sorting complete. Time (s): cpu = 00:00:00 ; elapsed = 00:00:00 . Memory (MB): peak = 2254.668 ; gain = 0.000 ; free physical = 2966 ; free virtual = 5727
WARNING: [Constraints 18-5210] No constraints selected for write.
Resolution: This message can indicate that there are no constraints for the design, or it can indicate that the used_in flags are set such that the constraints are ignored. This later case is used when running synth_design to not write synthesis constraints to the resulting checkpoint. Instead, project constraints are read when the synthesized design is opened.
INFO: [Common 17-1381] The checkpoint '/home/vladimir/RVfpgaSoC/Labs/LabProjects/Lab1/Lab1.runs/BD_bidirec_0_6_synth_1/BD_bidirec_0_6.dcp' has been generated.
INFO: [runtcl-4] Executing : report_utilization -file BD_bidirec_0_6_utilization_synth.rpt -pb BD_bidirec_0_6_utilization_synth.pb
INFO: [Common 17-206] Exiting Vivado at Mon Mar  7 10:03:11 2022...
